[2024-12-16T17:15:43.803+0000] {processor.py:186} INFO - Started process (PID=23412) to work on /opt/airflow/dags/training.py
[2024-12-16T17:15:43.804+0000] {processor.py:914} INFO - Processing file /opt/airflow/dags/training.py for tasks to queue
[2024-12-16T17:15:43.808+0000] {logging_mixin.py:190} INFO - [2024-12-16T17:15:43.807+0000] {dagbag.py:588} INFO - Filling up the DagBag from /opt/airflow/dags/training.py
[2024-12-16T17:15:43.821+0000] {processor.py:925} INFO - DAG(s) 'example_dag' retrieved from /opt/airflow/dags/training.py
[2024-12-16T17:15:43.959+0000] {logging_mixin.py:190} INFO - [2024-12-16T17:15:43.958+0000] {override.py:1911} INFO - Created Permission View: can edit on DAG:example_dag
[2024-12-16T17:15:43.969+0000] {logging_mixin.py:190} INFO - [2024-12-16T17:15:43.969+0000] {override.py:1911} INFO - Created Permission View: can read on DAG:example_dag
[2024-12-16T17:15:43.975+0000] {logging_mixin.py:190} INFO - [2024-12-16T17:15:43.974+0000] {override.py:1911} INFO - Created Permission View: can delete on DAG:example_dag
[2024-12-16T17:15:43.981+0000] {logging_mixin.py:190} INFO - [2024-12-16T17:15:43.981+0000] {override.py:1911} INFO - Created Permission View: can create on DAG Run:example_dag
[2024-12-16T17:15:43.987+0000] {logging_mixin.py:190} INFO - [2024-12-16T17:15:43.987+0000] {override.py:1911} INFO - Created Permission View: menu access on DAG Run:example_dag
[2024-12-16T17:15:43.997+0000] {logging_mixin.py:190} INFO - [2024-12-16T17:15:43.996+0000] {override.py:1914} ERROR - Creation of Permission View Error: (psycopg2.errors.UniqueViolation) duplicate key value violates unique constraint "ab_permission_view_permission_id_view_menu_id_uq"
DETAIL:  Key (permission_id, view_menu_id)=(2, 203) already exists.

[SQL: INSERT INTO ab_permission_view (permission_id, view_menu_id) VALUES (%(permission_id)s, %(view_menu_id)s) RETURNING ab_permission_view.id]
[parameters: {'permission_id': 2, 'view_menu_id': 203}]
(Background on this error at: https://sqlalche.me/e/14/gkpj)
[2024-12-16T17:15:44.006+0000] {logging_mixin.py:190} INFO - [2024-12-16T17:15:44.005+0000] {override.py:1914} ERROR - Creation of Permission View Error: (psycopg2.errors.UniqueViolation) duplicate key value violates unique constraint "ab_permission_view_permission_id_view_menu_id_uq"
DETAIL:  Key (permission_id, view_menu_id)=(4, 203) already exists.

[SQL: INSERT INTO ab_permission_view (permission_id, view_menu_id) VALUES (%(permission_id)s, %(view_menu_id)s) RETURNING ab_permission_view.id]
[parameters: {'permission_id': 4, 'view_menu_id': 203}]
(Background on this error at: https://sqlalche.me/e/14/gkpj)
[2024-12-16T17:15:44.006+0000] {logging_mixin.py:190} INFO - [2024-12-16T17:15:44.006+0000] {dag.py:3239} INFO - Sync 1 DAGs
[2024-12-16T17:15:44.021+0000] {logging_mixin.py:190} INFO - [2024-12-16T17:15:44.020+0000] {dag.py:3262} INFO - Creating ORM DAG for example_dag
[2024-12-16T17:15:44.033+0000] {logging_mixin.py:190} INFO - [2024-12-16T17:15:44.033+0000] {dag.py:4180} INFO - Setting next_dagrun for example_dag to 2024-12-15 00:00:00+00:00, run_after=2024-12-16 00:00:00+00:00
[2024-12-16T17:15:44.048+0000] {processor.py:208} INFO - Processing /opt/airflow/dags/training.py took 0.252 seconds
[2024-12-16T17:16:14.098+0000] {processor.py:186} INFO - Started process (PID=23480) to work on /opt/airflow/dags/training.py
[2024-12-16T17:16:14.099+0000] {processor.py:914} INFO - Processing file /opt/airflow/dags/training.py for tasks to queue
[2024-12-16T17:16:14.102+0000] {logging_mixin.py:190} INFO - [2024-12-16T17:16:14.101+0000] {dagbag.py:588} INFO - Filling up the DagBag from /opt/airflow/dags/training.py
[2024-12-16T17:16:14.111+0000] {processor.py:925} INFO - DAG(s) 'example_dag' retrieved from /opt/airflow/dags/training.py
[2024-12-16T17:16:14.134+0000] {logging_mixin.py:190} INFO - [2024-12-16T17:16:14.133+0000] {dag.py:3239} INFO - Sync 1 DAGs
[2024-12-16T17:16:14.165+0000] {logging_mixin.py:190} INFO - [2024-12-16T17:16:14.165+0000] {dag.py:4180} INFO - Setting next_dagrun for example_dag to 2024-12-15 00:00:00+00:00, run_after=2024-12-16 00:00:00+00:00
[2024-12-16T17:16:14.188+0000] {processor.py:208} INFO - Processing /opt/airflow/dags/training.py took 0.096 seconds
[2024-12-16T17:16:45.058+0000] {processor.py:186} INFO - Started process (PID=23545) to work on /opt/airflow/dags/training.py
[2024-12-16T17:16:45.059+0000] {processor.py:914} INFO - Processing file /opt/airflow/dags/training.py for tasks to queue
[2024-12-16T17:16:45.062+0000] {logging_mixin.py:190} INFO - [2024-12-16T17:16:45.061+0000] {dagbag.py:588} INFO - Filling up the DagBag from /opt/airflow/dags/training.py
[2024-12-16T17:16:45.071+0000] {processor.py:925} INFO - DAG(s) 'example_dag' retrieved from /opt/airflow/dags/training.py
[2024-12-16T17:16:45.220+0000] {logging_mixin.py:190} INFO - [2024-12-16T17:16:45.219+0000] {dag.py:3239} INFO - Sync 1 DAGs
[2024-12-16T17:16:45.245+0000] {logging_mixin.py:190} INFO - [2024-12-16T17:16:45.245+0000] {dag.py:4180} INFO - Setting next_dagrun for example_dag to 2024-12-15 00:00:00+00:00, run_after=2024-12-16 00:00:00+00:00
[2024-12-16T17:16:45.267+0000] {processor.py:208} INFO - Processing /opt/airflow/dags/training.py took 0.219 seconds
[2024-12-16T17:17:15.424+0000] {processor.py:186} INFO - Started process (PID=23611) to work on /opt/airflow/dags/training.py
[2024-12-16T17:17:15.425+0000] {processor.py:914} INFO - Processing file /opt/airflow/dags/training.py for tasks to queue
[2024-12-16T17:17:15.428+0000] {logging_mixin.py:190} INFO - [2024-12-16T17:17:15.428+0000] {dagbag.py:588} INFO - Filling up the DagBag from /opt/airflow/dags/training.py
[2024-12-16T17:17:15.437+0000] {processor.py:925} INFO - DAG(s) 'example_dag' retrieved from /opt/airflow/dags/training.py
[2024-12-16T17:17:15.452+0000] {logging_mixin.py:190} INFO - [2024-12-16T17:17:15.451+0000] {dag.py:3239} INFO - Sync 1 DAGs
[2024-12-16T17:17:15.485+0000] {logging_mixin.py:190} INFO - [2024-12-16T17:17:15.485+0000] {dag.py:4180} INFO - Setting next_dagrun for example_dag to 2024-12-15 00:00:00+00:00, run_after=2024-12-16 00:00:00+00:00
[2024-12-16T17:17:15.504+0000] {processor.py:208} INFO - Processing /opt/airflow/dags/training.py took 0.088 seconds
[2024-12-16T17:17:47.039+0000] {processor.py:186} INFO - Started process (PID=23676) to work on /opt/airflow/dags/training.py
[2024-12-16T17:17:47.041+0000] {processor.py:914} INFO - Processing file /opt/airflow/dags/training.py for tasks to queue
[2024-12-16T17:17:47.044+0000] {logging_mixin.py:190} INFO - [2024-12-16T17:17:47.044+0000] {dagbag.py:588} INFO - Filling up the DagBag from /opt/airflow/dags/training.py
[2024-12-16T17:17:47.055+0000] {processor.py:925} INFO - DAG(s) 'example_dag' retrieved from /opt/airflow/dags/training.py
[2024-12-16T17:17:47.210+0000] {logging_mixin.py:190} INFO - [2024-12-16T17:17:47.210+0000] {dag.py:3239} INFO - Sync 1 DAGs
[2024-12-16T17:17:47.254+0000] {logging_mixin.py:190} INFO - [2024-12-16T17:17:47.254+0000] {dag.py:4180} INFO - Setting next_dagrun for example_dag to 2024-12-15 00:00:00+00:00, run_after=2024-12-16 00:00:00+00:00
[2024-12-16T17:17:47.285+0000] {processor.py:208} INFO - Processing /opt/airflow/dags/training.py took 0.257 seconds
[2024-12-16T17:18:17.854+0000] {processor.py:186} INFO - Started process (PID=23734) to work on /opt/airflow/dags/training.py
[2024-12-16T17:18:17.855+0000] {processor.py:914} INFO - Processing file /opt/airflow/dags/training.py for tasks to queue
[2024-12-16T17:18:17.858+0000] {logging_mixin.py:190} INFO - [2024-12-16T17:18:17.857+0000] {dagbag.py:588} INFO - Filling up the DagBag from /opt/airflow/dags/training.py
[2024-12-16T17:18:17.869+0000] {processor.py:925} INFO - DAG(s) 'example_dag' retrieved from /opt/airflow/dags/training.py
[2024-12-16T17:18:17.898+0000] {logging_mixin.py:190} INFO - [2024-12-16T17:18:17.898+0000] {dag.py:3239} INFO - Sync 1 DAGs
[2024-12-16T17:18:17.946+0000] {logging_mixin.py:190} INFO - [2024-12-16T17:18:17.945+0000] {dag.py:4180} INFO - Setting next_dagrun for example_dag to 2024-12-15 00:00:00+00:00, run_after=2024-12-16 00:00:00+00:00
[2024-12-16T17:18:17.979+0000] {processor.py:208} INFO - Processing /opt/airflow/dags/training.py took 0.132 seconds
[2024-12-16T17:18:48.703+0000] {processor.py:186} INFO - Started process (PID=23798) to work on /opt/airflow/dags/training.py
[2024-12-16T17:18:48.704+0000] {processor.py:914} INFO - Processing file /opt/airflow/dags/training.py for tasks to queue
[2024-12-16T17:18:48.709+0000] {logging_mixin.py:190} INFO - [2024-12-16T17:18:48.708+0000] {dagbag.py:588} INFO - Filling up the DagBag from /opt/airflow/dags/training.py
[2024-12-16T17:18:48.719+0000] {processor.py:925} INFO - DAG(s) 'example_dag' retrieved from /opt/airflow/dags/training.py
[2024-12-16T17:18:48.732+0000] {logging_mixin.py:190} INFO - [2024-12-16T17:18:48.732+0000] {dag.py:3239} INFO - Sync 1 DAGs
[2024-12-16T17:18:48.765+0000] {logging_mixin.py:190} INFO - [2024-12-16T17:18:48.764+0000] {dag.py:4180} INFO - Setting next_dagrun for example_dag to 2024-12-15 00:00:00+00:00, run_after=2024-12-16 00:00:00+00:00
[2024-12-16T17:18:48.790+0000] {processor.py:208} INFO - Processing /opt/airflow/dags/training.py took 0.094 seconds
[2024-12-16T17:19:19.810+0000] {processor.py:186} INFO - Started process (PID=23860) to work on /opt/airflow/dags/training.py
[2024-12-16T17:19:19.811+0000] {processor.py:914} INFO - Processing file /opt/airflow/dags/training.py for tasks to queue
[2024-12-16T17:19:19.813+0000] {logging_mixin.py:190} INFO - [2024-12-16T17:19:19.813+0000] {dagbag.py:588} INFO - Filling up the DagBag from /opt/airflow/dags/training.py
[2024-12-16T17:19:19.821+0000] {processor.py:925} INFO - DAG(s) 'example_dag' retrieved from /opt/airflow/dags/training.py
[2024-12-16T17:19:19.974+0000] {logging_mixin.py:190} INFO - [2024-12-16T17:19:19.973+0000] {dag.py:3239} INFO - Sync 1 DAGs
[2024-12-16T17:19:20.005+0000] {logging_mixin.py:190} INFO - [2024-12-16T17:19:20.004+0000] {dag.py:4180} INFO - Setting next_dagrun for example_dag to 2024-12-15 00:00:00+00:00, run_after=2024-12-16 00:00:00+00:00
[2024-12-16T17:19:20.029+0000] {processor.py:208} INFO - Processing /opt/airflow/dags/training.py took 0.226 seconds
[2024-12-16T17:19:50.729+0000] {processor.py:186} INFO - Started process (PID=23926) to work on /opt/airflow/dags/training.py
[2024-12-16T17:19:50.730+0000] {processor.py:914} INFO - Processing file /opt/airflow/dags/training.py for tasks to queue
[2024-12-16T17:19:50.733+0000] {logging_mixin.py:190} INFO - [2024-12-16T17:19:50.732+0000] {dagbag.py:588} INFO - Filling up the DagBag from /opt/airflow/dags/training.py
[2024-12-16T17:19:50.743+0000] {processor.py:925} INFO - DAG(s) 'example_dag' retrieved from /opt/airflow/dags/training.py
[2024-12-16T17:19:50.769+0000] {logging_mixin.py:190} INFO - [2024-12-16T17:19:50.769+0000] {dag.py:3239} INFO - Sync 1 DAGs
[2024-12-16T17:19:50.800+0000] {logging_mixin.py:190} INFO - [2024-12-16T17:19:50.799+0000] {dag.py:4180} INFO - Setting next_dagrun for example_dag to 2024-12-15 00:00:00+00:00, run_after=2024-12-16 00:00:00+00:00
[2024-12-16T17:19:50.822+0000] {processor.py:208} INFO - Processing /opt/airflow/dags/training.py took 0.102 seconds
[2024-12-16T17:20:21.465+0000] {processor.py:186} INFO - Started process (PID=23986) to work on /opt/airflow/dags/training.py
[2024-12-16T17:20:21.466+0000] {processor.py:914} INFO - Processing file /opt/airflow/dags/training.py for tasks to queue
[2024-12-16T17:20:21.469+0000] {logging_mixin.py:190} INFO - [2024-12-16T17:20:21.469+0000] {dagbag.py:588} INFO - Filling up the DagBag from /opt/airflow/dags/training.py
[2024-12-16T17:20:21.480+0000] {processor.py:925} INFO - DAG(s) 'example_dag' retrieved from /opt/airflow/dags/training.py
[2024-12-16T17:20:21.495+0000] {logging_mixin.py:190} INFO - [2024-12-16T17:20:21.494+0000] {dag.py:3239} INFO - Sync 1 DAGs
[2024-12-16T17:20:21.535+0000] {logging_mixin.py:190} INFO - [2024-12-16T17:20:21.535+0000] {dag.py:4180} INFO - Setting next_dagrun for example_dag to 2024-12-15 00:00:00+00:00, run_after=2024-12-16 00:00:00+00:00
[2024-12-16T17:20:21.555+0000] {processor.py:208} INFO - Processing /opt/airflow/dags/training.py took 0.103 seconds
[2024-12-16T17:20:51.610+0000] {processor.py:186} INFO - Started process (PID=24048) to work on /opt/airflow/dags/training.py
[2024-12-16T17:20:51.611+0000] {processor.py:914} INFO - Processing file /opt/airflow/dags/training.py for tasks to queue
[2024-12-16T17:20:51.614+0000] {logging_mixin.py:190} INFO - [2024-12-16T17:20:51.613+0000] {dagbag.py:588} INFO - Filling up the DagBag from /opt/airflow/dags/training.py
[2024-12-16T17:20:51.627+0000] {processor.py:925} INFO - DAG(s) 'example_dag' retrieved from /opt/airflow/dags/training.py
[2024-12-16T17:20:51.794+0000] {logging_mixin.py:190} INFO - [2024-12-16T17:20:51.794+0000] {dag.py:3239} INFO - Sync 1 DAGs
[2024-12-16T17:20:51.817+0000] {logging_mixin.py:190} INFO - [2024-12-16T17:20:51.817+0000] {dag.py:4180} INFO - Setting next_dagrun for example_dag to 2024-12-15 00:00:00+00:00, run_after=2024-12-16 00:00:00+00:00
[2024-12-16T17:20:51.838+0000] {processor.py:208} INFO - Processing /opt/airflow/dags/training.py took 0.235 seconds
[2024-12-16T17:21:21.982+0000] {processor.py:186} INFO - Started process (PID=24098) to work on /opt/airflow/dags/training.py
[2024-12-16T17:21:21.983+0000] {processor.py:914} INFO - Processing file /opt/airflow/dags/training.py for tasks to queue
[2024-12-16T17:21:21.985+0000] {logging_mixin.py:190} INFO - [2024-12-16T17:21:21.984+0000] {dagbag.py:588} INFO - Filling up the DagBag from /opt/airflow/dags/training.py
[2024-12-16T17:21:21.993+0000] {processor.py:925} INFO - DAG(s) 'example_dag' retrieved from /opt/airflow/dags/training.py
[2024-12-16T17:21:22.015+0000] {logging_mixin.py:190} INFO - [2024-12-16T17:21:22.015+0000] {dag.py:3239} INFO - Sync 1 DAGs
[2024-12-16T17:21:22.048+0000] {logging_mixin.py:190} INFO - [2024-12-16T17:21:22.047+0000] {dag.py:4180} INFO - Setting next_dagrun for example_dag to 2024-12-15 00:00:00+00:00, run_after=2024-12-16 00:00:00+00:00
[2024-12-16T17:21:22.066+0000] {processor.py:208} INFO - Processing /opt/airflow/dags/training.py took 0.090 seconds
[2024-12-16T17:21:52.194+0000] {processor.py:186} INFO - Started process (PID=24156) to work on /opt/airflow/dags/training.py
[2024-12-16T17:21:52.196+0000] {processor.py:914} INFO - Processing file /opt/airflow/dags/training.py for tasks to queue
[2024-12-16T17:21:52.203+0000] {logging_mixin.py:190} INFO - [2024-12-16T17:21:52.202+0000] {dagbag.py:588} INFO - Filling up the DagBag from /opt/airflow/dags/training.py
[2024-12-16T17:21:52.227+0000] {processor.py:925} INFO - DAG(s) 'example_dag' retrieved from /opt/airflow/dags/training.py
[2024-12-16T17:21:52.262+0000] {logging_mixin.py:190} INFO - [2024-12-16T17:21:52.262+0000] {dag.py:3239} INFO - Sync 1 DAGs
[2024-12-16T17:21:52.303+0000] {logging_mixin.py:190} INFO - [2024-12-16T17:21:52.303+0000] {dag.py:4180} INFO - Setting next_dagrun for example_dag to 2024-12-15 00:00:00+00:00, run_after=2024-12-16 00:00:00+00:00
[2024-12-16T17:21:52.328+0000] {processor.py:208} INFO - Processing /opt/airflow/dags/training.py took 0.148 seconds
[2024-12-16T17:22:22.700+0000] {processor.py:186} INFO - Started process (PID=24221) to work on /opt/airflow/dags/training.py
[2024-12-16T17:22:22.701+0000] {processor.py:914} INFO - Processing file /opt/airflow/dags/training.py for tasks to queue
[2024-12-16T17:22:22.705+0000] {logging_mixin.py:190} INFO - [2024-12-16T17:22:22.704+0000] {dagbag.py:588} INFO - Filling up the DagBag from /opt/airflow/dags/training.py
[2024-12-16T17:22:22.721+0000] {processor.py:925} INFO - DAG(s) 'example_dag' retrieved from /opt/airflow/dags/training.py
[2024-12-16T17:22:22.879+0000] {logging_mixin.py:190} INFO - [2024-12-16T17:22:22.879+0000] {dag.py:3239} INFO - Sync 1 DAGs
[2024-12-16T17:22:22.904+0000] {logging_mixin.py:190} INFO - [2024-12-16T17:22:22.904+0000] {dag.py:4180} INFO - Setting next_dagrun for example_dag to 2024-12-15 00:00:00+00:00, run_after=2024-12-16 00:00:00+00:00
[2024-12-16T17:22:22.925+0000] {processor.py:208} INFO - Processing /opt/airflow/dags/training.py took 0.238 seconds
[2024-12-16T17:22:53.109+0000] {processor.py:186} INFO - Started process (PID=24286) to work on /opt/airflow/dags/training.py
[2024-12-16T17:22:53.110+0000] {processor.py:914} INFO - Processing file /opt/airflow/dags/training.py for tasks to queue
[2024-12-16T17:22:53.114+0000] {logging_mixin.py:190} INFO - [2024-12-16T17:22:53.113+0000] {dagbag.py:588} INFO - Filling up the DagBag from /opt/airflow/dags/training.py
[2024-12-16T17:22:53.127+0000] {processor.py:925} INFO - DAG(s) 'example_dag' retrieved from /opt/airflow/dags/training.py
[2024-12-16T17:22:53.159+0000] {logging_mixin.py:190} INFO - [2024-12-16T17:22:53.158+0000] {dag.py:3239} INFO - Sync 1 DAGs
[2024-12-16T17:22:53.194+0000] {logging_mixin.py:190} INFO - [2024-12-16T17:22:53.193+0000] {dag.py:4180} INFO - Setting next_dagrun for example_dag to 2024-12-15 00:00:00+00:00, run_after=2024-12-16 00:00:00+00:00
[2024-12-16T17:22:53.213+0000] {processor.py:208} INFO - Processing /opt/airflow/dags/training.py took 0.114 seconds
[2024-12-16T17:23:24.147+0000] {processor.py:186} INFO - Started process (PID=24351) to work on /opt/airflow/dags/training.py
[2024-12-16T17:23:24.148+0000] {processor.py:914} INFO - Processing file /opt/airflow/dags/training.py for tasks to queue
[2024-12-16T17:23:24.151+0000] {logging_mixin.py:190} INFO - [2024-12-16T17:23:24.150+0000] {dagbag.py:588} INFO - Filling up the DagBag from /opt/airflow/dags/training.py
[2024-12-16T17:23:24.160+0000] {processor.py:925} INFO - DAG(s) 'example_dag' retrieved from /opt/airflow/dags/training.py
[2024-12-16T17:23:24.175+0000] {logging_mixin.py:190} INFO - [2024-12-16T17:23:24.174+0000] {dag.py:3239} INFO - Sync 1 DAGs
[2024-12-16T17:23:24.209+0000] {logging_mixin.py:190} INFO - [2024-12-16T17:23:24.209+0000] {dag.py:4180} INFO - Setting next_dagrun for example_dag to 2024-12-15 00:00:00+00:00, run_after=2024-12-16 00:00:00+00:00
[2024-12-16T17:23:24.232+0000] {processor.py:208} INFO - Processing /opt/airflow/dags/training.py took 0.096 seconds
[2024-12-16T17:23:54.389+0000] {processor.py:186} INFO - Started process (PID=24416) to work on /opt/airflow/dags/training.py
[2024-12-16T17:23:54.391+0000] {processor.py:914} INFO - Processing file /opt/airflow/dags/training.py for tasks to queue
[2024-12-16T17:23:54.394+0000] {logging_mixin.py:190} INFO - [2024-12-16T17:23:54.394+0000] {dagbag.py:588} INFO - Filling up the DagBag from /opt/airflow/dags/training.py
[2024-12-16T17:23:54.405+0000] {processor.py:925} INFO - DAG(s) 'example_dag' retrieved from /opt/airflow/dags/training.py
[2024-12-16T17:23:54.559+0000] {logging_mixin.py:190} INFO - [2024-12-16T17:23:54.558+0000] {dag.py:3239} INFO - Sync 1 DAGs
[2024-12-16T17:23:54.586+0000] {logging_mixin.py:190} INFO - [2024-12-16T17:23:54.586+0000] {dag.py:4180} INFO - Setting next_dagrun for example_dag to 2024-12-15 00:00:00+00:00, run_after=2024-12-16 00:00:00+00:00
[2024-12-16T17:23:54.608+0000] {processor.py:208} INFO - Processing /opt/airflow/dags/training.py took 0.234 seconds
[2024-12-16T17:24:24.716+0000] {processor.py:186} INFO - Started process (PID=24482) to work on /opt/airflow/dags/training.py
[2024-12-16T17:24:24.717+0000] {processor.py:914} INFO - Processing file /opt/airflow/dags/training.py for tasks to queue
[2024-12-16T17:24:24.719+0000] {logging_mixin.py:190} INFO - [2024-12-16T17:24:24.719+0000] {dagbag.py:588} INFO - Filling up the DagBag from /opt/airflow/dags/training.py
[2024-12-16T17:24:24.731+0000] {processor.py:925} INFO - DAG(s) 'example_dag' retrieved from /opt/airflow/dags/training.py
[2024-12-16T17:24:24.760+0000] {logging_mixin.py:190} INFO - [2024-12-16T17:24:24.760+0000] {dag.py:3239} INFO - Sync 1 DAGs
[2024-12-16T17:24:24.799+0000] {logging_mixin.py:190} INFO - [2024-12-16T17:24:24.798+0000] {dag.py:4180} INFO - Setting next_dagrun for example_dag to 2024-12-15 00:00:00+00:00, run_after=2024-12-16 00:00:00+00:00
[2024-12-16T17:24:24.820+0000] {processor.py:208} INFO - Processing /opt/airflow/dags/training.py took 0.116 seconds
[2024-12-16T17:24:55.099+0000] {processor.py:186} INFO - Started process (PID=24546) to work on /opt/airflow/dags/training.py
[2024-12-16T17:24:55.100+0000] {processor.py:914} INFO - Processing file /opt/airflow/dags/training.py for tasks to queue
[2024-12-16T17:24:55.103+0000] {logging_mixin.py:190} INFO - [2024-12-16T17:24:55.102+0000] {dagbag.py:588} INFO - Filling up the DagBag from /opt/airflow/dags/training.py
[2024-12-16T17:24:55.112+0000] {processor.py:925} INFO - DAG(s) 'example_dag' retrieved from /opt/airflow/dags/training.py
[2024-12-16T17:24:55.130+0000] {logging_mixin.py:190} INFO - [2024-12-16T17:24:55.130+0000] {dag.py:3239} INFO - Sync 1 DAGs
[2024-12-16T17:24:55.170+0000] {logging_mixin.py:190} INFO - [2024-12-16T17:24:55.170+0000] {dag.py:4180} INFO - Setting next_dagrun for example_dag to 2024-12-15 00:00:00+00:00, run_after=2024-12-16 00:00:00+00:00
[2024-12-16T17:24:55.192+0000] {processor.py:208} INFO - Processing /opt/airflow/dags/training.py took 0.100 seconds
[2024-12-16T17:25:25.461+0000] {processor.py:186} INFO - Started process (PID=24611) to work on /opt/airflow/dags/training.py
[2024-12-16T17:25:25.462+0000] {processor.py:914} INFO - Processing file /opt/airflow/dags/training.py for tasks to queue
[2024-12-16T17:25:25.468+0000] {logging_mixin.py:190} INFO - [2024-12-16T17:25:25.467+0000] {dagbag.py:588} INFO - Filling up the DagBag from /opt/airflow/dags/training.py
[2024-12-16T17:25:25.483+0000] {processor.py:925} INFO - DAG(s) 'example_dag' retrieved from /opt/airflow/dags/training.py
[2024-12-16T17:25:25.660+0000] {logging_mixin.py:190} INFO - [2024-12-16T17:25:25.660+0000] {dag.py:3239} INFO - Sync 1 DAGs
[2024-12-16T17:25:25.684+0000] {logging_mixin.py:190} INFO - [2024-12-16T17:25:25.684+0000] {dag.py:4180} INFO - Setting next_dagrun for example_dag to 2024-12-15 00:00:00+00:00, run_after=2024-12-16 00:00:00+00:00
[2024-12-16T17:25:25.704+0000] {processor.py:208} INFO - Processing /opt/airflow/dags/training.py took 0.255 seconds
[2024-12-16T17:25:55.853+0000] {processor.py:186} INFO - Started process (PID=24677) to work on /opt/airflow/dags/training.py
[2024-12-16T17:25:55.854+0000] {processor.py:914} INFO - Processing file /opt/airflow/dags/training.py for tasks to queue
[2024-12-16T17:25:55.857+0000] {logging_mixin.py:190} INFO - [2024-12-16T17:25:55.857+0000] {dagbag.py:588} INFO - Filling up the DagBag from /opt/airflow/dags/training.py
[2024-12-16T17:25:55.873+0000] {processor.py:925} INFO - DAG(s) 'example_dag' retrieved from /opt/airflow/dags/training.py
[2024-12-16T17:25:55.901+0000] {logging_mixin.py:190} INFO - [2024-12-16T17:25:55.901+0000] {dag.py:3239} INFO - Sync 1 DAGs
[2024-12-16T17:25:55.940+0000] {logging_mixin.py:190} INFO - [2024-12-16T17:25:55.940+0000] {dag.py:4180} INFO - Setting next_dagrun for example_dag to 2024-12-15 00:00:00+00:00, run_after=2024-12-16 00:00:00+00:00
[2024-12-16T17:25:55.968+0000] {processor.py:208} INFO - Processing /opt/airflow/dags/training.py took 0.124 seconds
[2024-12-16T17:26:26.087+0000] {processor.py:186} INFO - Started process (PID=24742) to work on /opt/airflow/dags/training.py
[2024-12-16T17:26:26.089+0000] {processor.py:914} INFO - Processing file /opt/airflow/dags/training.py for tasks to queue
[2024-12-16T17:26:26.092+0000] {logging_mixin.py:190} INFO - [2024-12-16T17:26:26.092+0000] {dagbag.py:588} INFO - Filling up the DagBag from /opt/airflow/dags/training.py
[2024-12-16T17:26:26.105+0000] {processor.py:925} INFO - DAG(s) 'example_dag' retrieved from /opt/airflow/dags/training.py
[2024-12-16T17:26:26.119+0000] {logging_mixin.py:190} INFO - [2024-12-16T17:26:26.119+0000] {dag.py:3239} INFO - Sync 1 DAGs
[2024-12-16T17:26:26.150+0000] {logging_mixin.py:190} INFO - [2024-12-16T17:26:26.150+0000] {dag.py:4180} INFO - Setting next_dagrun for example_dag to 2024-12-15 00:00:00+00:00, run_after=2024-12-16 00:00:00+00:00
[2024-12-16T17:26:26.174+0000] {processor.py:208} INFO - Processing /opt/airflow/dags/training.py took 0.096 seconds
[2024-12-16T17:26:56.257+0000] {processor.py:186} INFO - Started process (PID=24806) to work on /opt/airflow/dags/training.py
[2024-12-16T17:26:56.259+0000] {processor.py:914} INFO - Processing file /opt/airflow/dags/training.py for tasks to queue
[2024-12-16T17:26:56.262+0000] {logging_mixin.py:190} INFO - [2024-12-16T17:26:56.262+0000] {dagbag.py:588} INFO - Filling up the DagBag from /opt/airflow/dags/training.py
[2024-12-16T17:26:56.278+0000] {processor.py:925} INFO - DAG(s) 'example_dag' retrieved from /opt/airflow/dags/training.py
[2024-12-16T17:26:56.478+0000] {logging_mixin.py:190} INFO - [2024-12-16T17:26:56.478+0000] {dag.py:3239} INFO - Sync 1 DAGs
[2024-12-16T17:26:56.512+0000] {logging_mixin.py:190} INFO - [2024-12-16T17:26:56.512+0000] {dag.py:4180} INFO - Setting next_dagrun for example_dag to 2024-12-15 00:00:00+00:00, run_after=2024-12-16 00:00:00+00:00
[2024-12-16T17:26:56.538+0000] {processor.py:208} INFO - Processing /opt/airflow/dags/training.py took 0.290 seconds
[2024-12-16T17:27:26.810+0000] {processor.py:186} INFO - Started process (PID=24871) to work on /opt/airflow/dags/training.py
[2024-12-16T17:27:26.811+0000] {processor.py:914} INFO - Processing file /opt/airflow/dags/training.py for tasks to queue
[2024-12-16T17:27:26.813+0000] {logging_mixin.py:190} INFO - [2024-12-16T17:27:26.813+0000] {dagbag.py:588} INFO - Filling up the DagBag from /opt/airflow/dags/training.py
[2024-12-16T17:27:26.823+0000] {processor.py:925} INFO - DAG(s) 'example_dag' retrieved from /opt/airflow/dags/training.py
[2024-12-16T17:27:26.849+0000] {logging_mixin.py:190} INFO - [2024-12-16T17:27:26.849+0000] {dag.py:3239} INFO - Sync 1 DAGs
[2024-12-16T17:27:26.884+0000] {logging_mixin.py:190} INFO - [2024-12-16T17:27:26.884+0000] {dag.py:4180} INFO - Setting next_dagrun for example_dag to 2024-12-15 00:00:00+00:00, run_after=2024-12-16 00:00:00+00:00
[2024-12-16T17:27:26.903+0000] {processor.py:208} INFO - Processing /opt/airflow/dags/training.py took 0.101 seconds
[2024-12-16T17:27:57.325+0000] {processor.py:186} INFO - Started process (PID=24936) to work on /opt/airflow/dags/training.py
[2024-12-16T17:27:57.326+0000] {processor.py:914} INFO - Processing file /opt/airflow/dags/training.py for tasks to queue
[2024-12-16T17:27:57.330+0000] {logging_mixin.py:190} INFO - [2024-12-16T17:27:57.329+0000] {dagbag.py:588} INFO - Filling up the DagBag from /opt/airflow/dags/training.py
[2024-12-16T17:27:57.340+0000] {processor.py:925} INFO - DAG(s) 'example_dag' retrieved from /opt/airflow/dags/training.py
[2024-12-16T17:27:57.352+0000] {logging_mixin.py:190} INFO - [2024-12-16T17:27:57.352+0000] {dag.py:3239} INFO - Sync 1 DAGs
[2024-12-16T17:27:57.385+0000] {logging_mixin.py:190} INFO - [2024-12-16T17:27:57.384+0000] {dag.py:4180} INFO - Setting next_dagrun for example_dag to 2024-12-15 00:00:00+00:00, run_after=2024-12-16 00:00:00+00:00
[2024-12-16T17:27:57.408+0000] {processor.py:208} INFO - Processing /opt/airflow/dags/training.py took 0.094 seconds
[2024-12-16T17:28:28.213+0000] {processor.py:186} INFO - Started process (PID=25001) to work on /opt/airflow/dags/training.py
[2024-12-16T17:28:28.216+0000] {processor.py:914} INFO - Processing file /opt/airflow/dags/training.py for tasks to queue
[2024-12-16T17:28:28.225+0000] {logging_mixin.py:190} INFO - [2024-12-16T17:28:28.223+0000] {dagbag.py:588} INFO - Filling up the DagBag from /opt/airflow/dags/training.py
[2024-12-16T17:28:28.247+0000] {processor.py:925} INFO - DAG(s) 'example_dag' retrieved from /opt/airflow/dags/training.py
[2024-12-16T17:28:28.448+0000] {logging_mixin.py:190} INFO - [2024-12-16T17:28:28.448+0000] {dag.py:3239} INFO - Sync 1 DAGs
[2024-12-16T17:28:28.471+0000] {logging_mixin.py:190} INFO - [2024-12-16T17:28:28.471+0000] {dag.py:4180} INFO - Setting next_dagrun for example_dag to 2024-12-15 00:00:00+00:00, run_after=2024-12-16 00:00:00+00:00
[2024-12-16T17:28:28.493+0000] {processor.py:208} INFO - Processing /opt/airflow/dags/training.py took 0.298 seconds
[2024-12-16T17:28:58.690+0000] {processor.py:186} INFO - Started process (PID=25066) to work on /opt/airflow/dags/training.py
[2024-12-16T17:28:58.697+0000] {processor.py:914} INFO - Processing file /opt/airflow/dags/training.py for tasks to queue
[2024-12-16T17:28:58.702+0000] {logging_mixin.py:190} INFO - [2024-12-16T17:28:58.702+0000] {dagbag.py:588} INFO - Filling up the DagBag from /opt/airflow/dags/training.py
[2024-12-16T17:28:58.714+0000] {processor.py:925} INFO - DAG(s) 'example_dag' retrieved from /opt/airflow/dags/training.py
[2024-12-16T17:28:58.739+0000] {logging_mixin.py:190} INFO - [2024-12-16T17:28:58.739+0000] {dag.py:3239} INFO - Sync 1 DAGs
[2024-12-16T17:28:58.766+0000] {logging_mixin.py:190} INFO - [2024-12-16T17:28:58.766+0000] {dag.py:4180} INFO - Setting next_dagrun for example_dag to 2024-12-15 00:00:00+00:00, run_after=2024-12-16 00:00:00+00:00
[2024-12-16T17:28:58.787+0000] {processor.py:208} INFO - Processing /opt/airflow/dags/training.py took 0.123 seconds
[2024-12-16T17:29:29.354+0000] {processor.py:186} INFO - Started process (PID=25131) to work on /opt/airflow/dags/training.py
[2024-12-16T17:29:29.355+0000] {processor.py:914} INFO - Processing file /opt/airflow/dags/training.py for tasks to queue
[2024-12-16T17:29:29.358+0000] {logging_mixin.py:190} INFO - [2024-12-16T17:29:29.357+0000] {dagbag.py:588} INFO - Filling up the DagBag from /opt/airflow/dags/training.py
[2024-12-16T17:29:29.367+0000] {processor.py:925} INFO - DAG(s) 'example_dag' retrieved from /opt/airflow/dags/training.py
[2024-12-16T17:29:29.380+0000] {logging_mixin.py:190} INFO - [2024-12-16T17:29:29.380+0000] {dag.py:3239} INFO - Sync 1 DAGs
[2024-12-16T17:29:29.414+0000] {logging_mixin.py:190} INFO - [2024-12-16T17:29:29.414+0000] {dag.py:4180} INFO - Setting next_dagrun for example_dag to 2024-12-15 00:00:00+00:00, run_after=2024-12-16 00:00:00+00:00
[2024-12-16T17:29:29.436+0000] {processor.py:208} INFO - Processing /opt/airflow/dags/training.py took 0.091 seconds
[2024-12-16T17:30:00.144+0000] {processor.py:186} INFO - Started process (PID=25195) to work on /opt/airflow/dags/training.py
[2024-12-16T17:30:00.145+0000] {processor.py:914} INFO - Processing file /opt/airflow/dags/training.py for tasks to queue
[2024-12-16T17:30:00.147+0000] {logging_mixin.py:190} INFO - [2024-12-16T17:30:00.147+0000] {dagbag.py:588} INFO - Filling up the DagBag from /opt/airflow/dags/training.py
[2024-12-16T17:30:00.157+0000] {processor.py:925} INFO - DAG(s) 'example_dag' retrieved from /opt/airflow/dags/training.py
[2024-12-16T17:30:00.304+0000] {logging_mixin.py:190} INFO - [2024-12-16T17:30:00.303+0000] {dag.py:3239} INFO - Sync 1 DAGs
[2024-12-16T17:30:00.332+0000] {logging_mixin.py:190} INFO - [2024-12-16T17:30:00.332+0000] {dag.py:4180} INFO - Setting next_dagrun for example_dag to 2024-12-15 00:00:00+00:00, run_after=2024-12-16 00:00:00+00:00
[2024-12-16T17:30:00.354+0000] {processor.py:208} INFO - Processing /opt/airflow/dags/training.py took 0.218 seconds
[2024-12-16T17:30:30.906+0000] {processor.py:186} INFO - Started process (PID=25258) to work on /opt/airflow/dags/training.py
[2024-12-16T17:30:30.907+0000] {processor.py:914} INFO - Processing file /opt/airflow/dags/training.py for tasks to queue
[2024-12-16T17:30:30.910+0000] {logging_mixin.py:190} INFO - [2024-12-16T17:30:30.909+0000] {dagbag.py:588} INFO - Filling up the DagBag from /opt/airflow/dags/training.py
[2024-12-16T17:30:30.918+0000] {processor.py:925} INFO - DAG(s) 'example_dag' retrieved from /opt/airflow/dags/training.py
[2024-12-16T17:30:30.940+0000] {logging_mixin.py:190} INFO - [2024-12-16T17:30:30.940+0000] {dag.py:3239} INFO - Sync 1 DAGs
[2024-12-16T17:30:30.968+0000] {logging_mixin.py:190} INFO - [2024-12-16T17:30:30.968+0000] {dag.py:4180} INFO - Setting next_dagrun for example_dag to 2024-12-15 00:00:00+00:00, run_after=2024-12-16 00:00:00+00:00
[2024-12-16T17:30:30.987+0000] {processor.py:208} INFO - Processing /opt/airflow/dags/training.py took 0.091 seconds
[2024-12-16T17:31:01.252+0000] {processor.py:186} INFO - Started process (PID=25323) to work on /opt/airflow/dags/training.py
[2024-12-16T17:31:01.253+0000] {processor.py:914} INFO - Processing file /opt/airflow/dags/training.py for tasks to queue
[2024-12-16T17:31:01.255+0000] {logging_mixin.py:190} INFO - [2024-12-16T17:31:01.255+0000] {dagbag.py:588} INFO - Filling up the DagBag from /opt/airflow/dags/training.py
[2024-12-16T17:31:01.263+0000] {processor.py:925} INFO - DAG(s) 'example_dag' retrieved from /opt/airflow/dags/training.py
[2024-12-16T17:31:01.275+0000] {logging_mixin.py:190} INFO - [2024-12-16T17:31:01.274+0000] {dag.py:3239} INFO - Sync 1 DAGs
[2024-12-16T17:31:01.300+0000] {logging_mixin.py:190} INFO - [2024-12-16T17:31:01.300+0000] {dag.py:4180} INFO - Setting next_dagrun for example_dag to 2024-12-15 00:00:00+00:00, run_after=2024-12-16 00:00:00+00:00
[2024-12-16T17:31:01.316+0000] {processor.py:208} INFO - Processing /opt/airflow/dags/training.py took 0.071 seconds
[2024-12-16T17:31:31.414+0000] {processor.py:186} INFO - Started process (PID=25388) to work on /opt/airflow/dags/training.py
[2024-12-16T17:31:31.415+0000] {processor.py:914} INFO - Processing file /opt/airflow/dags/training.py for tasks to queue
[2024-12-16T17:31:31.418+0000] {logging_mixin.py:190} INFO - [2024-12-16T17:31:31.417+0000] {dagbag.py:588} INFO - Filling up the DagBag from /opt/airflow/dags/training.py
[2024-12-16T17:31:31.428+0000] {processor.py:925} INFO - DAG(s) 'example_dag' retrieved from /opt/airflow/dags/training.py
[2024-12-16T17:31:31.543+0000] {logging_mixin.py:190} INFO - [2024-12-16T17:31:31.543+0000] {dag.py:3239} INFO - Sync 1 DAGs
[2024-12-16T17:31:31.564+0000] {logging_mixin.py:190} INFO - [2024-12-16T17:31:31.564+0000] {dag.py:4180} INFO - Setting next_dagrun for example_dag to 2024-12-15 00:00:00+00:00, run_after=2024-12-16 00:00:00+00:00
[2024-12-16T17:31:31.580+0000] {processor.py:208} INFO - Processing /opt/airflow/dags/training.py took 0.175 seconds
[2024-12-16T17:32:01.690+0000] {processor.py:186} INFO - Started process (PID=25453) to work on /opt/airflow/dags/training.py
[2024-12-16T17:32:01.692+0000] {processor.py:914} INFO - Processing file /opt/airflow/dags/training.py for tasks to queue
[2024-12-16T17:32:01.694+0000] {logging_mixin.py:190} INFO - [2024-12-16T17:32:01.694+0000] {dagbag.py:588} INFO - Filling up the DagBag from /opt/airflow/dags/training.py
[2024-12-16T17:32:01.701+0000] {processor.py:925} INFO - DAG(s) 'example_dag' retrieved from /opt/airflow/dags/training.py
[2024-12-16T17:32:01.720+0000] {logging_mixin.py:190} INFO - [2024-12-16T17:32:01.720+0000] {dag.py:3239} INFO - Sync 1 DAGs
[2024-12-16T17:32:01.743+0000] {logging_mixin.py:190} INFO - [2024-12-16T17:32:01.743+0000] {dag.py:4180} INFO - Setting next_dagrun for example_dag to 2024-12-15 00:00:00+00:00, run_after=2024-12-16 00:00:00+00:00
[2024-12-16T17:32:01.759+0000] {processor.py:208} INFO - Processing /opt/airflow/dags/training.py took 0.077 seconds
[2024-12-16T17:32:31.897+0000] {processor.py:186} INFO - Started process (PID=25518) to work on /opt/airflow/dags/training.py
[2024-12-16T17:32:31.898+0000] {processor.py:914} INFO - Processing file /opt/airflow/dags/training.py for tasks to queue
[2024-12-16T17:32:31.900+0000] {logging_mixin.py:190} INFO - [2024-12-16T17:32:31.900+0000] {dagbag.py:588} INFO - Filling up the DagBag from /opt/airflow/dags/training.py
[2024-12-16T17:32:31.906+0000] {processor.py:925} INFO - DAG(s) 'example_dag' retrieved from /opt/airflow/dags/training.py
[2024-12-16T17:32:31.917+0000] {logging_mixin.py:190} INFO - [2024-12-16T17:32:31.917+0000] {dag.py:3239} INFO - Sync 1 DAGs
[2024-12-16T17:32:31.940+0000] {logging_mixin.py:190} INFO - [2024-12-16T17:32:31.939+0000] {dag.py:4180} INFO - Setting next_dagrun for example_dag to 2024-12-15 00:00:00+00:00, run_after=2024-12-16 00:00:00+00:00
[2024-12-16T17:32:31.960+0000] {processor.py:208} INFO - Processing /opt/airflow/dags/training.py took 0.068 seconds
[2024-12-16T17:33:02.089+0000] {processor.py:186} INFO - Started process (PID=25583) to work on /opt/airflow/dags/training.py
[2024-12-16T17:33:02.090+0000] {processor.py:914} INFO - Processing file /opt/airflow/dags/training.py for tasks to queue
[2024-12-16T17:33:02.092+0000] {logging_mixin.py:190} INFO - [2024-12-16T17:33:02.092+0000] {dagbag.py:588} INFO - Filling up the DagBag from /opt/airflow/dags/training.py
[2024-12-16T17:33:02.101+0000] {processor.py:925} INFO - DAG(s) 'example_dag' retrieved from /opt/airflow/dags/training.py
[2024-12-16T17:33:02.217+0000] {logging_mixin.py:190} INFO - [2024-12-16T17:33:02.217+0000] {dag.py:3239} INFO - Sync 1 DAGs
[2024-12-16T17:33:02.235+0000] {logging_mixin.py:190} INFO - [2024-12-16T17:33:02.235+0000] {dag.py:4180} INFO - Setting next_dagrun for example_dag to 2024-12-15 00:00:00+00:00, run_after=2024-12-16 00:00:00+00:00
[2024-12-16T17:33:02.252+0000] {processor.py:208} INFO - Processing /opt/airflow/dags/training.py took 0.174 seconds
[2024-12-16T17:33:32.304+0000] {processor.py:186} INFO - Started process (PID=25648) to work on /opt/airflow/dags/training.py
[2024-12-16T17:33:32.305+0000] {processor.py:914} INFO - Processing file /opt/airflow/dags/training.py for tasks to queue
[2024-12-16T17:33:32.308+0000] {logging_mixin.py:190} INFO - [2024-12-16T17:33:32.307+0000] {dagbag.py:588} INFO - Filling up the DagBag from /opt/airflow/dags/training.py
[2024-12-16T17:33:32.317+0000] {processor.py:925} INFO - DAG(s) 'example_dag' retrieved from /opt/airflow/dags/training.py
[2024-12-16T17:33:32.340+0000] {logging_mixin.py:190} INFO - [2024-12-16T17:33:32.339+0000] {dag.py:3239} INFO - Sync 1 DAGs
[2024-12-16T17:33:32.363+0000] {logging_mixin.py:190} INFO - [2024-12-16T17:33:32.363+0000] {dag.py:4180} INFO - Setting next_dagrun for example_dag to 2024-12-15 00:00:00+00:00, run_after=2024-12-16 00:00:00+00:00
[2024-12-16T17:33:32.379+0000] {processor.py:208} INFO - Processing /opt/airflow/dags/training.py took 0.085 seconds
[2024-12-16T17:34:02.570+0000] {processor.py:186} INFO - Started process (PID=25713) to work on /opt/airflow/dags/training.py
[2024-12-16T17:34:02.571+0000] {processor.py:914} INFO - Processing file /opt/airflow/dags/training.py for tasks to queue
[2024-12-16T17:34:02.574+0000] {logging_mixin.py:190} INFO - [2024-12-16T17:34:02.573+0000] {dagbag.py:588} INFO - Filling up the DagBag from /opt/airflow/dags/training.py
[2024-12-16T17:34:02.582+0000] {processor.py:925} INFO - DAG(s) 'example_dag' retrieved from /opt/airflow/dags/training.py
[2024-12-16T17:34:02.594+0000] {logging_mixin.py:190} INFO - [2024-12-16T17:34:02.594+0000] {dag.py:3239} INFO - Sync 1 DAGs
[2024-12-16T17:34:02.618+0000] {logging_mixin.py:190} INFO - [2024-12-16T17:34:02.618+0000] {dag.py:4180} INFO - Setting next_dagrun for example_dag to 2024-12-15 00:00:00+00:00, run_after=2024-12-16 00:00:00+00:00
[2024-12-16T17:34:02.635+0000] {processor.py:208} INFO - Processing /opt/airflow/dags/training.py took 0.075 seconds
[2024-12-16T17:34:32.913+0000] {processor.py:186} INFO - Started process (PID=25778) to work on /opt/airflow/dags/training.py
[2024-12-16T17:34:32.914+0000] {processor.py:914} INFO - Processing file /opt/airflow/dags/training.py for tasks to queue
[2024-12-16T17:34:32.916+0000] {logging_mixin.py:190} INFO - [2024-12-16T17:34:32.916+0000] {dagbag.py:588} INFO - Filling up the DagBag from /opt/airflow/dags/training.py
[2024-12-16T17:34:32.924+0000] {processor.py:925} INFO - DAG(s) 'example_dag' retrieved from /opt/airflow/dags/training.py
[2024-12-16T17:34:33.033+0000] {logging_mixin.py:190} INFO - [2024-12-16T17:34:33.033+0000] {dag.py:3239} INFO - Sync 1 DAGs
[2024-12-16T17:34:33.052+0000] {logging_mixin.py:190} INFO - [2024-12-16T17:34:33.052+0000] {dag.py:4180} INFO - Setting next_dagrun for example_dag to 2024-12-15 00:00:00+00:00, run_after=2024-12-16 00:00:00+00:00
[2024-12-16T17:34:33.074+0000] {processor.py:208} INFO - Processing /opt/airflow/dags/training.py took 0.168 seconds
[2024-12-16T17:35:03.158+0000] {processor.py:186} INFO - Started process (PID=25842) to work on /opt/airflow/dags/training.py
[2024-12-16T17:35:03.159+0000] {processor.py:914} INFO - Processing file /opt/airflow/dags/training.py for tasks to queue
[2024-12-16T17:35:03.161+0000] {logging_mixin.py:190} INFO - [2024-12-16T17:35:03.161+0000] {dagbag.py:588} INFO - Filling up the DagBag from /opt/airflow/dags/training.py
[2024-12-16T17:35:03.169+0000] {processor.py:925} INFO - DAG(s) 'example_dag' retrieved from /opt/airflow/dags/training.py
[2024-12-16T17:35:03.190+0000] {logging_mixin.py:190} INFO - [2024-12-16T17:35:03.190+0000] {dag.py:3239} INFO - Sync 1 DAGs
[2024-12-16T17:35:03.218+0000] {logging_mixin.py:190} INFO - [2024-12-16T17:35:03.218+0000] {dag.py:4180} INFO - Setting next_dagrun for example_dag to 2024-12-15 00:00:00+00:00, run_after=2024-12-16 00:00:00+00:00
[2024-12-16T17:35:03.234+0000] {processor.py:208} INFO - Processing /opt/airflow/dags/training.py took 0.083 seconds
[2024-12-16T17:35:33.811+0000] {processor.py:186} INFO - Started process (PID=25907) to work on /opt/airflow/dags/training.py
[2024-12-16T17:35:33.812+0000] {processor.py:914} INFO - Processing file /opt/airflow/dags/training.py for tasks to queue
[2024-12-16T17:35:33.814+0000] {logging_mixin.py:190} INFO - [2024-12-16T17:35:33.814+0000] {dagbag.py:588} INFO - Filling up the DagBag from /opt/airflow/dags/training.py
[2024-12-16T17:35:33.822+0000] {processor.py:925} INFO - DAG(s) 'example_dag' retrieved from /opt/airflow/dags/training.py
[2024-12-16T17:35:33.835+0000] {logging_mixin.py:190} INFO - [2024-12-16T17:35:33.835+0000] {dag.py:3239} INFO - Sync 1 DAGs
[2024-12-16T17:35:33.864+0000] {logging_mixin.py:190} INFO - [2024-12-16T17:35:33.864+0000] {dag.py:4180} INFO - Setting next_dagrun for example_dag to 2024-12-15 00:00:00+00:00, run_after=2024-12-16 00:00:00+00:00
[2024-12-16T17:35:33.883+0000] {processor.py:208} INFO - Processing /opt/airflow/dags/training.py took 0.079 seconds
[2024-12-16T17:36:04.143+0000] {processor.py:186} INFO - Started process (PID=25972) to work on /opt/airflow/dags/training.py
[2024-12-16T17:36:04.143+0000] {processor.py:914} INFO - Processing file /opt/airflow/dags/training.py for tasks to queue
[2024-12-16T17:36:04.145+0000] {logging_mixin.py:190} INFO - [2024-12-16T17:36:04.145+0000] {dagbag.py:588} INFO - Filling up the DagBag from /opt/airflow/dags/training.py
[2024-12-16T17:36:04.152+0000] {processor.py:925} INFO - DAG(s) 'example_dag' retrieved from /opt/airflow/dags/training.py
[2024-12-16T17:36:04.273+0000] {logging_mixin.py:190} INFO - [2024-12-16T17:36:04.272+0000] {dag.py:3239} INFO - Sync 1 DAGs
[2024-12-16T17:36:04.291+0000] {logging_mixin.py:190} INFO - [2024-12-16T17:36:04.291+0000] {dag.py:4180} INFO - Setting next_dagrun for example_dag to 2024-12-15 00:00:00+00:00, run_after=2024-12-16 00:00:00+00:00
[2024-12-16T17:36:04.308+0000] {processor.py:208} INFO - Processing /opt/airflow/dags/training.py took 0.171 seconds
[2024-12-16T17:36:34.371+0000] {processor.py:186} INFO - Started process (PID=26038) to work on /opt/airflow/dags/training.py
[2024-12-16T17:36:34.372+0000] {processor.py:914} INFO - Processing file /opt/airflow/dags/training.py for tasks to queue
[2024-12-16T17:36:34.374+0000] {logging_mixin.py:190} INFO - [2024-12-16T17:36:34.374+0000] {dagbag.py:588} INFO - Filling up the DagBag from /opt/airflow/dags/training.py
[2024-12-16T17:36:34.381+0000] {processor.py:925} INFO - DAG(s) 'example_dag' retrieved from /opt/airflow/dags/training.py
[2024-12-16T17:36:34.399+0000] {logging_mixin.py:190} INFO - [2024-12-16T17:36:34.399+0000] {dag.py:3239} INFO - Sync 1 DAGs
[2024-12-16T17:36:34.420+0000] {logging_mixin.py:190} INFO - [2024-12-16T17:36:34.420+0000] {dag.py:4180} INFO - Setting next_dagrun for example_dag to 2024-12-15 00:00:00+00:00, run_after=2024-12-16 00:00:00+00:00
[2024-12-16T17:36:34.436+0000] {processor.py:208} INFO - Processing /opt/airflow/dags/training.py took 0.071 seconds
[2024-12-16T17:37:04.606+0000] {processor.py:186} INFO - Started process (PID=26102) to work on /opt/airflow/dags/training.py
[2024-12-16T17:37:04.608+0000] {processor.py:914} INFO - Processing file /opt/airflow/dags/training.py for tasks to queue
[2024-12-16T17:37:04.611+0000] {logging_mixin.py:190} INFO - [2024-12-16T17:37:04.610+0000] {dagbag.py:588} INFO - Filling up the DagBag from /opt/airflow/dags/training.py
[2024-12-16T17:37:04.619+0000] {processor.py:925} INFO - DAG(s) 'example_dag' retrieved from /opt/airflow/dags/training.py
[2024-12-16T17:37:04.634+0000] {logging_mixin.py:190} INFO - [2024-12-16T17:37:04.633+0000] {dag.py:3239} INFO - Sync 1 DAGs
[2024-12-16T17:37:04.661+0000] {logging_mixin.py:190} INFO - [2024-12-16T17:37:04.661+0000] {dag.py:4180} INFO - Setting next_dagrun for example_dag to 2024-12-15 00:00:00+00:00, run_after=2024-12-16 00:00:00+00:00
[2024-12-16T17:37:04.681+0000] {processor.py:208} INFO - Processing /opt/airflow/dags/training.py took 0.086 seconds
[2024-12-16T17:37:35.623+0000] {processor.py:186} INFO - Started process (PID=26167) to work on /opt/airflow/dags/training.py
[2024-12-16T17:37:35.624+0000] {processor.py:914} INFO - Processing file /opt/airflow/dags/training.py for tasks to queue
[2024-12-16T17:37:35.627+0000] {logging_mixin.py:190} INFO - [2024-12-16T17:37:35.627+0000] {dagbag.py:588} INFO - Filling up the DagBag from /opt/airflow/dags/training.py
[2024-12-16T17:37:35.635+0000] {processor.py:925} INFO - DAG(s) 'example_dag' retrieved from /opt/airflow/dags/training.py
[2024-12-16T17:37:35.747+0000] {logging_mixin.py:190} INFO - [2024-12-16T17:37:35.747+0000] {dag.py:3239} INFO - Sync 1 DAGs
[2024-12-16T17:37:35.766+0000] {logging_mixin.py:190} INFO - [2024-12-16T17:37:35.766+0000] {dag.py:4180} INFO - Setting next_dagrun for example_dag to 2024-12-15 00:00:00+00:00, run_after=2024-12-16 00:00:00+00:00
[2024-12-16T17:37:35.791+0000] {processor.py:208} INFO - Processing /opt/airflow/dags/training.py took 0.177 seconds
[2024-12-16T17:38:05.995+0000] {processor.py:186} INFO - Started process (PID=26232) to work on /opt/airflow/dags/training.py
[2024-12-16T17:38:05.996+0000] {processor.py:914} INFO - Processing file /opt/airflow/dags/training.py for tasks to queue
[2024-12-16T17:38:05.998+0000] {logging_mixin.py:190} INFO - [2024-12-16T17:38:05.998+0000] {dagbag.py:588} INFO - Filling up the DagBag from /opt/airflow/dags/training.py
[2024-12-16T17:38:06.006+0000] {processor.py:925} INFO - DAG(s) 'example_dag' retrieved from /opt/airflow/dags/training.py
[2024-12-16T17:38:06.026+0000] {logging_mixin.py:190} INFO - [2024-12-16T17:38:06.026+0000] {dag.py:3239} INFO - Sync 1 DAGs
[2024-12-16T17:38:06.050+0000] {logging_mixin.py:190} INFO - [2024-12-16T17:38:06.050+0000] {dag.py:4180} INFO - Setting next_dagrun for example_dag to 2024-12-15 00:00:00+00:00, run_after=2024-12-16 00:00:00+00:00
[2024-12-16T17:38:06.067+0000] {processor.py:208} INFO - Processing /opt/airflow/dags/training.py took 0.079 seconds
[2024-12-16T17:38:36.295+0000] {processor.py:186} INFO - Started process (PID=26297) to work on /opt/airflow/dags/training.py
[2024-12-16T17:38:36.295+0000] {processor.py:914} INFO - Processing file /opt/airflow/dags/training.py for tasks to queue
[2024-12-16T17:38:36.297+0000] {logging_mixin.py:190} INFO - [2024-12-16T17:38:36.297+0000] {dagbag.py:588} INFO - Filling up the DagBag from /opt/airflow/dags/training.py
[2024-12-16T17:38:36.304+0000] {processor.py:925} INFO - DAG(s) 'example_dag' retrieved from /opt/airflow/dags/training.py
[2024-12-16T17:38:36.315+0000] {logging_mixin.py:190} INFO - [2024-12-16T17:38:36.315+0000] {dag.py:3239} INFO - Sync 1 DAGs
[2024-12-16T17:38:36.343+0000] {logging_mixin.py:190} INFO - [2024-12-16T17:38:36.343+0000] {dag.py:4180} INFO - Setting next_dagrun for example_dag to 2024-12-15 00:00:00+00:00, run_after=2024-12-16 00:00:00+00:00
[2024-12-16T17:38:36.361+0000] {processor.py:208} INFO - Processing /opt/airflow/dags/training.py took 0.072 seconds
