[2024-12-16T17:15:59.608+0000] {local_task_job_runner.py:123} INFO - ::group::Pre task execution logs
[2024-12-16T17:15:59.637+0000] {taskinstance.py:2613} INFO - Dependencies all met for dep_context=non-requeueable deps ti=<TaskInstance: conditional_dataset_and_time_based_timetable.conditional_dataset_and_time_based_timetable scheduled__2024-12-11T01:00:00+00:00 [queued]>
[2024-12-16T17:15:59.651+0000] {taskinstance.py:2613} INFO - Dependencies all met for dep_context=requeueable deps ti=<TaskInstance: conditional_dataset_and_time_based_timetable.conditional_dataset_and_time_based_timetable scheduled__2024-12-11T01:00:00+00:00 [queued]>
[2024-12-16T17:15:59.651+0000] {taskinstance.py:2866} INFO - Starting attempt 1 of 1
[2024-12-16T17:15:59.670+0000] {taskinstance.py:2889} INFO - Executing <Task(BashOperator): conditional_dataset_and_time_based_timetable> on 2024-12-11 01:00:00+00:00
[2024-12-16T17:15:59.681+0000] {warnings.py:112} WARNING - /home/***/.local/lib/python3.12/site-packages/***/task/task_runner/standard_task_runner.py:70: DeprecationWarning: This process (pid=2461) is multi-threaded, use of fork() may lead to deadlocks in the child.
  pid = os.fork()

[2024-12-16T17:15:59.683+0000] {standard_task_runner.py:72} INFO - Started process 2464 to run task
[2024-12-16T17:15:59.684+0000] {standard_task_runner.py:104} INFO - Running: ['***', 'tasks', 'run', 'conditional_dataset_and_time_based_timetable', 'conditional_dataset_and_time_based_timetable', 'scheduled__2024-12-11T01:00:00+00:00', '--job-id', '3', '--raw', '--subdir', '/home/***/.local/lib/python3.12/site-packages/***/example_dags/example_datasets.py', '--cfg-path', '/tmp/tmptp6y9u2f']
[2024-12-16T17:15:59.686+0000] {standard_task_runner.py:105} INFO - Job 3: Subtask conditional_dataset_and_time_based_timetable
[2024-12-16T17:15:59.753+0000] {task_command.py:467} INFO - Running <TaskInstance: conditional_dataset_and_time_based_timetable.conditional_dataset_and_time_based_timetable scheduled__2024-12-11T01:00:00+00:00 [running]> on host 29f48278d758
[2024-12-16T17:16:00.235+0000] {taskinstance.py:3132} INFO - Exporting env vars: AIRFLOW_CTX_DAG_OWNER='***' AIRFLOW_CTX_DAG_ID='conditional_dataset_and_time_based_timetable' AIRFLOW_CTX_TASK_ID='conditional_dataset_and_time_based_timetable' AIRFLOW_CTX_EXECUTION_DATE='2024-12-11T01:00:00+00:00' AIRFLOW_CTX_TRY_NUMBER='1' AIRFLOW_CTX_DAG_RUN_ID='scheduled__2024-12-11T01:00:00+00:00'
[2024-12-16T17:16:00.237+0000] {logging_mixin.py:190} INFO - Task instance is in running state
[2024-12-16T17:16:00.237+0000] {logging_mixin.py:190} INFO -  Previous state of the Task instance: queued
[2024-12-16T17:16:00.237+0000] {logging_mixin.py:190} INFO - Current task name:conditional_dataset_and_time_based_timetable state:running start_date:2024-12-16 17:15:59.638641+00:00
[2024-12-16T17:16:00.238+0000] {logging_mixin.py:190} INFO - Dag name:conditional_dataset_and_time_based_timetable and current dag run status:running
[2024-12-16T17:16:00.238+0000] {taskinstance.py:731} INFO - ::endgroup::
[2024-12-16T17:16:00.239+0000] {subprocess.py:78} INFO - Tmp dir root location: /tmp
[2024-12-16T17:16:00.240+0000] {subprocess.py:88} INFO - Running command: ['/usr/bin/bash', '-c', 'sleep 5']
[2024-12-16T17:16:00.294+0000] {subprocess.py:99} INFO - Output:
[2024-12-16T17:16:05.304+0000] {subprocess.py:110} INFO - Command exited with return code 0
[2024-12-16T17:16:05.372+0000] {taskinstance.py:340} INFO - ::group::Post task execution logs
[2024-12-16T17:16:05.372+0000] {taskinstance.py:352} INFO - Marking task as SUCCESS. dag_id=conditional_dataset_and_time_based_timetable, task_id=conditional_dataset_and_time_based_timetable, run_id=scheduled__2024-12-11T01:00:00+00:00, execution_date=20241211T010000, start_date=20241216T171559, end_date=20241216T171605
[2024-12-16T17:16:05.423+0000] {logging_mixin.py:190} INFO - Task instance in success state
[2024-12-16T17:16:05.424+0000] {logging_mixin.py:190} INFO -  Previous state of the Task instance: running
[2024-12-16T17:16:05.424+0000] {logging_mixin.py:190} INFO - Dag name:conditional_dataset_and_time_based_timetable queued_at:2024-12-16 17:15:52.378516+00:00
[2024-12-16T17:16:05.425+0000] {logging_mixin.py:190} INFO - Task hostname:29f48278d758 operator:BashOperator
[2024-12-16T17:16:05.462+0000] {local_task_job_runner.py:266} INFO - Task exited with return code 0
[2024-12-16T17:16:05.490+0000] {taskinstance.py:3895} INFO - 0 downstream tasks scheduled from follow-on schedule check
[2024-12-16T17:16:05.492+0000] {local_task_job_runner.py:245} INFO - ::endgroup::
